<?xml version="1.0" encoding="UTF-8"?>
<testsuite name="com.thom.calculator.CalculatorApplicationTests" tests="1" skipped="0" failures="0" errors="0" timestamp="2023-07-20T02:13:43" hostname="neo-ThinkPad-L490" time="1.039">
  <properties/>
  <testcase name="contextLoads()" classname="com.thom.calculator.CalculatorApplicationTests" time="1.039"/>
  <system-out><![CDATA[08:43:38.034 [Test worker] DEBUG org.springframework.test.context.BootstrapUtils - Instantiating CacheAwareContextLoaderDelegate from class [org.springframework.test.context.cache.DefaultCacheAwareContextLoaderDelegate]
08:43:38.064 [Test worker] DEBUG org.springframework.test.context.BootstrapUtils - Instantiating BootstrapContext using constructor [public org.springframework.test.context.support.DefaultBootstrapContext(java.lang.Class,org.springframework.test.context.CacheAwareContextLoaderDelegate)]
08:43:38.165 [Test worker] DEBUG org.springframework.test.context.BootstrapUtils - Instantiating TestContextBootstrapper for test class [com.thom.calculator.CalculatorApplicationTests] from class [org.springframework.boot.test.context.SpringBootTestContextBootstrapper]
08:43:38.195 [Test worker] INFO org.springframework.boot.test.context.SpringBootTestContextBootstrapper - Neither @ContextConfiguration nor @ContextHierarchy found for test class [com.thom.calculator.CalculatorApplicationTests], using SpringBootContextLoader
08:43:38.204 [Test worker] DEBUG org.springframework.test.context.support.AbstractContextLoader - Did not detect default resource location for test class [com.thom.calculator.CalculatorApplicationTests]: class path resource [com/thom/calculator/CalculatorApplicationTests-context.xml] does not exist
08:43:38.206 [Test worker] DEBUG org.springframework.test.context.support.AbstractContextLoader - Did not detect default resource location for test class [com.thom.calculator.CalculatorApplicationTests]: class path resource [com/thom/calculator/CalculatorApplicationTestsContext.groovy] does not exist
08:43:38.207 [Test worker] INFO org.springframework.test.context.support.AbstractContextLoader - Could not detect default resource locations for test class [com.thom.calculator.CalculatorApplicationTests]: no resource found for suffixes {-context.xml, Context.groovy}.
08:43:38.209 [Test worker] INFO org.springframework.test.context.support.AnnotationConfigContextLoaderUtils - Could not detect default configuration classes for test class [com.thom.calculator.CalculatorApplicationTests]: CalculatorApplicationTests does not declare any static, non-private, non-final, nested classes annotated with @Configuration.
08:43:38.311 [Test worker] DEBUG org.springframework.test.context.support.ActiveProfilesUtils - Could not find an 'annotation declaring class' for annotation type [org.springframework.test.context.ActiveProfiles] and class [com.thom.calculator.CalculatorApplicationTests]
08:43:38.468 [Test worker] DEBUG org.springframework.context.annotation.ClassPathScanningCandidateComponentProvider - Identified candidate component class: file [/home/neo/calculator/build/classes/java/main/com/thom/calculator/CalculatorApplication.class]
08:43:38.496 [Test worker] INFO org.springframework.boot.test.context.SpringBootTestContextBootstrapper - Found @SpringBootConfiguration com.thom.calculator.CalculatorApplication for test class com.thom.calculator.CalculatorApplicationTests
08:43:38.709 [Test worker] DEBUG org.springframework.boot.test.context.SpringBootTestContextBootstrapper - @TestExecutionListeners is not present for class [com.thom.calculator.CalculatorApplicationTests]: using defaults.
08:43:38.711 [Test worker] INFO org.springframework.boot.test.context.SpringBootTestContextBootstrapper - Loaded default TestExecutionListener class names from location [META-INF/spring.factories]: [org.springframework.boot.test.autoconfigure.restdocs.RestDocsTestExecutionListener, org.springframework.boot.test.autoconfigure.web.client.MockRestServiceServerResetTestExecutionListener, org.springframework.boot.test.autoconfigure.web.servlet.MockMvcPrintOnlyOnFailureTestExecutionListener, org.springframework.boot.test.autoconfigure.web.servlet.WebDriverTestExecutionListener, org.springframework.boot.test.autoconfigure.webservices.client.MockWebServiceServerTestExecutionListener, org.springframework.boot.test.mock.mockito.MockitoTestExecutionListener, org.springframework.boot.test.mock.mockito.ResetMocksTestExecutionListener, org.springframework.test.context.web.ServletTestExecutionListener, org.springframework.test.context.support.DirtiesContextBeforeModesTestExecutionListener, org.springframework.test.context.event.ApplicationEventsTestExecutionListener, org.springframework.test.context.support.DependencyInjectionTestExecutionListener, org.springframework.test.context.support.DirtiesContextTestExecutionListener, org.springframework.test.context.transaction.TransactionalTestExecutionListener, org.springframework.test.context.jdbc.SqlScriptsTestExecutionListener, org.springframework.test.context.event.EventPublishingTestExecutionListener]
08:43:38.737 [Test worker] DEBUG org.springframework.boot.test.context.SpringBootTestContextBootstrapper - Skipping candidate TestExecutionListener [org.springframework.test.context.transaction.TransactionalTestExecutionListener] due to a missing dependency. Specify custom listener classes or make the default listener classes and their required dependencies available. Offending class: [org/springframework/transaction/interceptor/TransactionAttributeSource]
08:43:38.738 [Test worker] DEBUG org.springframework.boot.test.context.SpringBootTestContextBootstrapper - Skipping candidate TestExecutionListener [org.springframework.test.context.jdbc.SqlScriptsTestExecutionListener] due to a missing dependency. Specify custom listener classes or make the default listener classes and their required dependencies available. Offending class: [org/springframework/transaction/interceptor/TransactionAttribute]
08:43:38.739 [Test worker] INFO org.springframework.boot.test.context.SpringBootTestContextBootstrapper - Using TestExecutionListeners: [org.springframework.test.context.web.ServletTestExecutionListener@ed3068a, org.springframework.test.context.support.DirtiesContextBeforeModesTestExecutionListener@7c2b6087, org.springframework.test.context.event.ApplicationEventsTestExecutionListener@3fffff43, org.springframework.boot.test.mock.mockito.MockitoTestExecutionListener@a8e6492, org.springframework.boot.test.autoconfigure.SpringBootDependencyInjectionTestExecutionListener@1c7fd41f, org.springframework.test.context.support.DirtiesContextTestExecutionListener@3b77a04f, org.springframework.test.context.event.EventPublishingTestExecutionListener@7b324585, org.springframework.boot.test.autoconfigure.restdocs.RestDocsTestExecutionListener@2e11485, org.springframework.boot.test.autoconfigure.web.client.MockRestServiceServerResetTestExecutionListener@60dce7ea, org.springframework.boot.test.autoconfigure.web.servlet.MockMvcPrintOnlyOnFailureTestExecutionListener@662f5666, org.springframework.boot.test.autoconfigure.web.servlet.WebDriverTestExecutionListener@fd8294b, org.springframework.boot.test.autoconfigure.webservices.client.MockWebServiceServerTestExecutionListener@5974109, org.springframework.boot.test.mock.mockito.ResetMocksTestExecutionListener@27305e6]
08:43:38.747 [Test worker] DEBUG org.springframework.test.context.support.AbstractDirtiesContextTestExecutionListener - Before test class: context [DefaultTestContext@5c87bfe2 testClass = CalculatorApplicationTests, testInstance = [null], testMethod = [null], testException = [null], mergedContextConfiguration = [WebMergedContextConfiguration@2fea7088 testClass = CalculatorApplicationTests, locations = '{}', classes = '{class com.thom.calculator.CalculatorApplication}', contextInitializerClasses = '[]', activeProfiles = '{}', propertySourceLocations = '{}', propertySourceProperties = '{org.springframework.boot.test.context.SpringBootTestContextBootstrapper=true}', contextCustomizers = set[org.springframework.boot.test.autoconfigure.actuate.metrics.MetricsExportContextCustomizerFactory$DisableMetricExportContextCustomizer@6f7923a5, org.springframework.boot.test.autoconfigure.properties.PropertyMappingContextCustomizer@0, org.springframework.boot.test.autoconfigure.web.servlet.WebDriverContextCustomizerFactory$Customizer@36a5cabc, org.springframework.boot.test.context.filter.ExcludeFilterContextCustomizer@181e731e, org.springframework.boot.test.json.DuplicateJsonObjectContextCustomizerFactory$DuplicateJsonObjectContextCustomizer@17d88132, org.springframework.boot.test.mock.mockito.MockitoContextCustomizer@0, org.springframework.boot.test.web.client.TestRestTemplateContextCustomizer@3403e2ac, org.springframework.boot.test.context.SpringBootTestArgs@1, org.springframework.boot.test.context.SpringBootTestWebEnvironment@609cd4d8], resourceBasePath = 'src/main/webapp', contextLoader = 'org.springframework.boot.test.context.SpringBootContextLoader', parent = [null]], attributes = map['org.springframework.test.context.web.ServletTestExecutionListener.activateListener' -> true]], class annotated with @DirtiesContext [false] with mode [null].

  .   ____          _            __ _ _
 /\\ / ___'_ __ _ _(_)_ __  __ _ \ \ \ \
( ( )\___ | '_ | '_| | '_ \/ _` | \ \ \ \
 \\/  ___)| |_)| | | | | || (_| |  ) ) ) )
  '  |____| .__|_| |_|_| |_\__, | / / / /
 =========|_|==============|___/=/_/_/_/
 :: Spring Boot ::               (v2.7.13)

2023-07-20 08:43:39.672  INFO 20689 --- [    Test worker] c.t.c.CalculatorApplicationTests         : Starting CalculatorApplicationTests using Java 17.0.7 on neo-ThinkPad-L490 with PID 20689 (started by neo in /home/neo/calculator)
2023-07-20 08:43:39.677  INFO 20689 --- [    Test worker] c.t.c.CalculatorApplicationTests         : No active profile set, falling back to 1 default profile: "default"
2023-07-20 08:43:43.177  INFO 20689 --- [    Test worker] c.t.c.CalculatorApplicationTests         : Started CalculatorApplicationTests in 4.333 seconds (JVM running for 7.049)
]]></system-out>
  <system-err><![CDATA[]]></system-err>
</testsuite>
